

*******************************************************************************
Wed Feb 25 00:13:10 2015


FIT:    data read from path_to_file using 2:4
        format = x:z
	y range restricted to [4.70000 : 5.10000]
        #datapoints = 5
        residuals are weighted equally (unit weight)

function used for fitting: f(x)
fitted parameters initialized with current variable values



 Iteration 0
 WSSR        : 2.74876           delta(WSSR)/WSSR   : 0
 delta(WSSR) : 0                 limit for stopping : 1e-05
 lambda	  : 3.53765

initial set of free parameter values

b               = 1e-30
m               = 1e-30

After 6 iterations the fit converged.
final sum of squares of residuals : 4.08963e-07
rel. change during last iteration : -5.11178e-12

degrees of freedom    (FIT_NDF)                        : 3
rms of residuals      (FIT_STDFIT) = sqrt(WSSR/ndf)    : 0.000369217
variance of residuals (reduced chisquare) = WSSR/ndf   : 1.36321e-07

Final set of parameters            Asymptotic Standard Error
=======================            ==========================

b               = 1.01809          +/- 0.005723     (0.5622%)
m               = -0.056466        +/- 0.001168     (2.068%)


correlation matrix of the fit parameters:

               b      m      
b               1.000 
m              -1.000  1.000 


*******************************************************************************
Wed Feb 25 00:13:10 2015


FIT:    data read from path_to_file using 2:4
        format = x:z
	y range restricted to [4.70000 : 5.10000]
        #datapoints = 5
        residuals are weighted equally (unit weight)

function used for fitting: g(x)
fitted parameters initialized with current variable values



 Iteration 0
 WSSR        : 2.74876           delta(WSSR)/WSSR   : 0
 delta(WSSR) : 0                 limit for stopping : 1e-05
 lambda	  : 3.53765

initial set of free parameter values

c               = 1e-30
n               = 1e-30

After 6 iterations the fit converged.
final sum of squares of residuals : 4.08963e-07
rel. change during last iteration : -5.11178e-12

degrees of freedom    (FIT_NDF)                        : 3
rms of residuals      (FIT_STDFIT) = sqrt(WSSR/ndf)    : 0.000369217
variance of residuals (reduced chisquare) = WSSR/ndf   : 1.36321e-07

Final set of parameters            Asymptotic Standard Error
=======================            ==========================

c               = 1.01809          +/- 0.005723     (0.5622%)
n               = -0.056466        +/- 0.001168     (2.068%)


correlation matrix of the fit parameters:

               c      n      
c               1.000 
n              -1.000  1.000 


*******************************************************************************
Wed Feb 25 00:13:38 2015


FIT:    data read from path_to_file using 2:4
        format = x:z
	y range restricted to [3.70000 : 4.00000]
        #datapoints = 4
        residuals are weighted equally (unit weight)

function used for fitting: f(x)
fitted parameters initialized with current variable values



 Iteration 0
 WSSR        : 2.52945           delta(WSSR)/WSSR   : 0
 delta(WSSR) : 0                 limit for stopping : 1e-05
 lambda	  : 2.81381

initial set of free parameter values

b               = 1e-30
m               = 1e-30

After 6 iterations the fit converged.
final sum of squares of residuals : 1.56322e-08
rel. change during last iteration : -2.38008e-11

degrees of freedom    (FIT_NDF)                        : 2
rms of residuals      (FIT_STDFIT) = sqrt(WSSR/ndf)    : 8.84087e-05
variance of residuals (reduced chisquare) = WSSR/ndf   : 7.8161e-09

Final set of parameters            Asymptotic Standard Error
=======================            ==========================

b               = 0.919312         +/- 0.001523     (0.1656%)
m               = -0.032236        +/- 0.0003954    (1.227%)


correlation matrix of the fit parameters:

               b      m      
b               1.000 
m              -1.000  1.000 


*******************************************************************************
Wed Feb 25 00:13:38 2015


FIT:    data read from path_to_file using 2:4
        format = x:z
	y range restricted to [4.50000 : 4.70000]
        #datapoints = 3
        residuals are weighted equally (unit weight)

function used for fitting: g(x)
fitted parameters initialized with current variable values



 Iteration 0
 WSSR        : 1.72116           delta(WSSR)/WSSR   : 0
 delta(WSSR) : 0                 limit for stopping : 1e-05
 lambda	  : 3.32916

initial set of free parameter values

c               = 1e-30
n               = 1e-30

After 6 iterations the fit converged.
final sum of squares of residuals : 2.48067e-09
rel. change during last iteration : -2.30186e-07

degrees of freedom    (FIT_NDF)                        : 1
rms of residuals      (FIT_STDFIT) = sqrt(WSSR/ndf)    : 4.98063e-05
variance of residuals (reduced chisquare) = WSSR/ndf   : 2.48067e-09

Final set of parameters            Asymptotic Standard Error
=======================            ==========================

c               = 0.988122         +/- 0.00162      (0.164%)
n               = -0.05015         +/- 0.0003522    (0.7023%)


correlation matrix of the fit parameters:

               c      n      
c               1.000 
n              -1.000  1.000 


*******************************************************************************
Wed Feb 25 00:14:11 2015


FIT:    data read from path_to_file using 2:4
        format = x:z
	y range restricted to [5.50000 : 5.70000]
        #datapoints = 3
        residuals are weighted equally (unit weight)

function used for fitting: f(x)
fitted parameters initialized with current variable values



 Iteration 0
 WSSR        : 1.42292           delta(WSSR)/WSSR   : 0
 delta(WSSR) : 0                 limit for stopping : 1e-05
 lambda	  : 4.02285

initial set of free parameter values

b               = 1e-30
m               = 1e-30

After 6 iterations the fit converged.
final sum of squares of residuals : 1.14407e-08
rel. change during last iteration : -1.37212e-06

degrees of freedom    (FIT_NDF)                        : 1
rms of residuals      (FIT_STDFIT) = sqrt(WSSR/ndf)    : 0.000106961
variance of residuals (reduced chisquare) = WSSR/ndf   : 1.14407e-08

Final set of parameters            Asymptotic Standard Error
=======================            ==========================

b               = 1.05128          +/- 0.004236     (0.4029%)
m               = -0.06475         +/- 0.0007563    (1.168%)


correlation matrix of the fit parameters:

               b      m      
b               1.000 
m              -1.000  1.000 


*******************************************************************************
Wed Feb 25 00:14:11 2015


FIT:    data read from path_to_file using 2:4
        format = x:z
	y range restricted to [4.50000 : 4.70000]
        #datapoints = 3
        residuals are weighted equally (unit weight)

function used for fitting: g(x)
fitted parameters initialized with current variable values



 Iteration 0
 WSSR        : 1.72116           delta(WSSR)/WSSR   : 0
 delta(WSSR) : 0                 limit for stopping : 1e-05
 lambda	  : 3.32916

initial set of free parameter values

c               = 1e-30
n               = 1e-30

After 6 iterations the fit converged.
final sum of squares of residuals : 2.48067e-09
rel. change during last iteration : -2.30186e-07

degrees of freedom    (FIT_NDF)                        : 1
rms of residuals      (FIT_STDFIT) = sqrt(WSSR/ndf)    : 4.98063e-05
variance of residuals (reduced chisquare) = WSSR/ndf   : 2.48067e-09

Final set of parameters            Asymptotic Standard Error
=======================            ==========================

c               = 0.988122         +/- 0.00162      (0.164%)
n               = -0.05015         +/- 0.0003522    (0.7023%)


correlation matrix of the fit parameters:

               c      n      
c               1.000 
n              -1.000  1.000 


*******************************************************************************
Wed Feb 25 00:15:12 2015


FIT:    data read from path_to_file using 2:4
        format = x:z
	y range restricted to [5.50000 : 5.70000]
        #datapoints = 3
        residuals are weighted equally (unit weight)

function used for fitting: f(x)
fitted parameters initialized with current variable values



 Iteration 0
 WSSR        : 1.42292           delta(WSSR)/WSSR   : 0
 delta(WSSR) : 0                 limit for stopping : 1e-05
 lambda	  : 4.02285

initial set of free parameter values

b               = 1e-30
m               = 1e-30

After 6 iterations the fit converged.
final sum of squares of residuals : 1.14407e-08
rel. change during last iteration : -1.37212e-06

degrees of freedom    (FIT_NDF)                        : 1
rms of residuals      (FIT_STDFIT) = sqrt(WSSR/ndf)    : 0.000106961
variance of residuals (reduced chisquare) = WSSR/ndf   : 1.14407e-08

Final set of parameters            Asymptotic Standard Error
=======================            ==========================

b               = 1.05128          +/- 0.004236     (0.4029%)
m               = -0.06475         +/- 0.0007563    (1.168%)


correlation matrix of the fit parameters:

               b      m      
b               1.000 
m              -1.000  1.000 


*******************************************************************************
Wed Feb 25 00:15:12 2015


FIT:    data read from path_to_file using 2:4
        format = x:z
	y range restricted to [4.90000 : 5.00000]
        #datapoints = 2
        residuals are weighted equally (unit weight)

function used for fitting: g(x)
fitted parameters initialized with current variable values



 Iteration 0
 WSSR        : 1.09187           delta(WSSR)/WSSR   : 0
 delta(WSSR) : 0                 limit for stopping : 1e-05
 lambda	  : 3.57106

initial set of free parameter values

c               = 1e-30
n               = 1e-30

After 7 iterations the fit converged.
final sum of squares of residuals : 0
abs. change during last iteration : -1.00564e-23


Exactly as many data points as there are parameters.
In this degenerate case, all errors are zero by definition.

Final set of parameters 
======================= 

c               = 1.02221        
n               = -0.05724       


*******************************************************************************
Wed Feb 25 00:15:35 2015


FIT:    data read from path_to_file using 2:4
        format = x:z
	y range restricted to [5.50000 : 5.70000]
        #datapoints = 3
        residuals are weighted equally (unit weight)

function used for fitting: f(x)
fitted parameters initialized with current variable values



 Iteration 0
 WSSR        : 1.42292           delta(WSSR)/WSSR   : 0
 delta(WSSR) : 0                 limit for stopping : 1e-05
 lambda	  : 4.02285

initial set of free parameter values

b               = 1e-30
m               = 1e-30

After 6 iterations the fit converged.
final sum of squares of residuals : 1.14407e-08
rel. change during last iteration : -1.37212e-06

degrees of freedom    (FIT_NDF)                        : 1
rms of residuals      (FIT_STDFIT) = sqrt(WSSR/ndf)    : 0.000106961
variance of residuals (reduced chisquare) = WSSR/ndf   : 1.14407e-08

Final set of parameters            Asymptotic Standard Error
=======================            ==========================

b               = 1.05128          +/- 0.004236     (0.4029%)
m               = -0.06475         +/- 0.0007563    (1.168%)


correlation matrix of the fit parameters:

               b      m      
b               1.000 
m              -1.000  1.000 


*******************************************************************************
Wed Feb 25 00:15:35 2015


FIT:    data read from path_to_file using 2:4
        format = x:z
	y range restricted to [4.90000 : 5.00000]
        #datapoints = 2
        residuals are weighted equally (unit weight)

function used for fitting: g(x)
fitted parameters initialized with current variable values



 Iteration 0
 WSSR        : 1.09187           delta(WSSR)/WSSR   : 0
 delta(WSSR) : 0                 limit for stopping : 1e-05
 lambda	  : 3.57106

initial set of free parameter values

c               = 1e-30
n               = 1e-30

After 7 iterations the fit converged.
final sum of squares of residuals : 0
abs. change during last iteration : -1.00564e-23


Exactly as many data points as there are parameters.
In this degenerate case, all errors are zero by definition.

Final set of parameters 
======================= 

c               = 1.02221        
n               = -0.05724       


*******************************************************************************
Wed Feb 25 00:16:14 2015


FIT:    data read from path_to_file using 2:4
        format = x:z
	y range restricted to [5.50000 : 5.70000]
        #datapoints = 3
        residuals are weighted equally (unit weight)

function used for fitting: f(x)
fitted parameters initialized with current variable values



 Iteration 0
 WSSR        : 1.42292           delta(WSSR)/WSSR   : 0
 delta(WSSR) : 0                 limit for stopping : 1e-05
 lambda	  : 4.02285

initial set of free parameter values

b               = 1e-30
m               = 1e-30

After 6 iterations the fit converged.
final sum of squares of residuals : 1.14407e-08
rel. change during last iteration : -1.37212e-06

degrees of freedom    (FIT_NDF)                        : 1
rms of residuals      (FIT_STDFIT) = sqrt(WSSR/ndf)    : 0.000106961
variance of residuals (reduced chisquare) = WSSR/ndf   : 1.14407e-08

Final set of parameters            Asymptotic Standard Error
=======================            ==========================

b               = 1.05128          +/- 0.004236     (0.4029%)
m               = -0.06475         +/- 0.0007563    (1.168%)


correlation matrix of the fit parameters:

               b      m      
b               1.000 
m              -1.000  1.000 


*******************************************************************************
Wed Feb 25 00:16:14 2015


FIT:    data read from path_to_file using 2:4
        format = x:z
	y range restricted to [4.90000 : 5.00000]
        #datapoints = 2
        residuals are weighted equally (unit weight)

function used for fitting: g(x)
fitted parameters initialized with current variable values



 Iteration 0
 WSSR        : 1.09187           delta(WSSR)/WSSR   : 0
 delta(WSSR) : 0                 limit for stopping : 1e-05
 lambda	  : 3.57106

initial set of free parameter values

c               = 1e-30
n               = 1e-30

After 7 iterations the fit converged.
final sum of squares of residuals : 0
abs. change during last iteration : -1.00564e-23


Exactly as many data points as there are parameters.
In this degenerate case, all errors are zero by definition.

Final set of parameters 
======================= 

c               = 1.02221        
n               = -0.05724       


*******************************************************************************
Wed Feb 25 00:17:47 2015


FIT:    data read from path_to_file using 2:4
        format = x:z
	y range restricted to [5.50000 : 5.70000]
        #datapoints = 3
        residuals are weighted equally (unit weight)

function used for fitting: f(x)
fitted parameters initialized with current variable values



 Iteration 0
 WSSR        : 1.42292           delta(WSSR)/WSSR   : 0
 delta(WSSR) : 0                 limit for stopping : 1e-05
 lambda	  : 4.02285

initial set of free parameter values

b               = 1e-30
m               = 1e-30

After 6 iterations the fit converged.
final sum of squares of residuals : 1.14407e-08
rel. change during last iteration : -1.37212e-06

degrees of freedom    (FIT_NDF)                        : 1
rms of residuals      (FIT_STDFIT) = sqrt(WSSR/ndf)    : 0.000106961
variance of residuals (reduced chisquare) = WSSR/ndf   : 1.14407e-08

Final set of parameters            Asymptotic Standard Error
=======================            ==========================

b               = 1.05128          +/- 0.004236     (0.4029%)
m               = -0.06475         +/- 0.0007563    (1.168%)


correlation matrix of the fit parameters:

               b      m      
b               1.000 
m              -1.000  1.000 


*******************************************************************************
Wed Feb 25 00:17:47 2015


FIT:    data read from path_to_file using 2:4
        format = x:z
	y range restricted to [4.90000 : 5.00000]
        #datapoints = 2
        residuals are weighted equally (unit weight)

function used for fitting: g(x)
fitted parameters initialized with current variable values



 Iteration 0
 WSSR        : 1.09187           delta(WSSR)/WSSR   : 0
 delta(WSSR) : 0                 limit for stopping : 1e-05
 lambda	  : 3.57106

initial set of free parameter values

c               = 1e-30
n               = 1e-30

After 7 iterations the fit converged.
final sum of squares of residuals : 0
abs. change during last iteration : -1.00564e-23


Exactly as many data points as there are parameters.
In this degenerate case, all errors are zero by definition.

Final set of parameters 
======================= 

c               = 1.02221        
n               = -0.05724       


*******************************************************************************
Wed Feb 25 00:18:51 2015


FIT:    data read from path_to_file using 2:4
        format = x:z
	y range restricted to [5.50000 : 5.70000]
        #datapoints = 3
        residuals are weighted equally (unit weight)

function used for fitting: f(x)
fitted parameters initialized with current variable values



 Iteration 0
 WSSR        : 1.42292           delta(WSSR)/WSSR   : 0
 delta(WSSR) : 0                 limit for stopping : 1e-05
 lambda	  : 4.02285

initial set of free parameter values

b               = 1e-30
m               = 1e-30

After 6 iterations the fit converged.
final sum of squares of residuals : 1.14407e-08
rel. change during last iteration : -1.37212e-06

degrees of freedom    (FIT_NDF)                        : 1
rms of residuals      (FIT_STDFIT) = sqrt(WSSR/ndf)    : 0.000106961
variance of residuals (reduced chisquare) = WSSR/ndf   : 1.14407e-08

Final set of parameters            Asymptotic Standard Error
=======================            ==========================

b               = 1.05128          +/- 0.004236     (0.4029%)
m               = -0.06475         +/- 0.0007563    (1.168%)


correlation matrix of the fit parameters:

               b      m      
b               1.000 
m              -1.000  1.000 


*******************************************************************************
Wed Feb 25 00:18:51 2015


FIT:    data read from path_to_file using 2:4
        format = x:z
	y range restricted to [4.90000 : 5.00000]
        #datapoints = 2
        residuals are weighted equally (unit weight)

function used for fitting: g(x)
fitted parameters initialized with current variable values



 Iteration 0
 WSSR        : 1.09187           delta(WSSR)/WSSR   : 0
 delta(WSSR) : 0                 limit for stopping : 1e-05
 lambda	  : 3.57106

initial set of free parameter values

c               = 1e-30
n               = 1e-30

After 7 iterations the fit converged.
final sum of squares of residuals : 0
abs. change during last iteration : -1.00564e-23


Exactly as many data points as there are parameters.
In this degenerate case, all errors are zero by definition.

Final set of parameters 
======================= 

c               = 1.02221        
n               = -0.05724       


*******************************************************************************
Wed Feb 25 00:19:10 2015


FIT:    data read from path_to_file using 2:4
        format = x:z
	y range restricted to [5.50000 : 5.70000]
        #datapoints = 3
        residuals are weighted equally (unit weight)

function used for fitting: f(x)
fitted parameters initialized with current variable values



 Iteration 0
 WSSR        : 1.42292           delta(WSSR)/WSSR   : 0
 delta(WSSR) : 0                 limit for stopping : 1e-05
 lambda	  : 4.02285

initial set of free parameter values

b               = 1e-30
m               = 1e-30

After 6 iterations the fit converged.
final sum of squares of residuals : 1.14407e-08
rel. change during last iteration : -1.37212e-06

degrees of freedom    (FIT_NDF)                        : 1
rms of residuals      (FIT_STDFIT) = sqrt(WSSR/ndf)    : 0.000106961
variance of residuals (reduced chisquare) = WSSR/ndf   : 1.14407e-08

Final set of parameters            Asymptotic Standard Error
=======================            ==========================

b               = 1.05128          +/- 0.004236     (0.4029%)
m               = -0.06475         +/- 0.0007563    (1.168%)


correlation matrix of the fit parameters:

               b      m      
b               1.000 
m              -1.000  1.000 


*******************************************************************************
Wed Feb 25 00:19:10 2015


FIT:    data read from path_to_file using 2:4
        format = x:z
	y range restricted to [4.90000 : 5.00000]
        #datapoints = 2
        residuals are weighted equally (unit weight)

function used for fitting: g(x)
fitted parameters initialized with current variable values



 Iteration 0
 WSSR        : 1.09187           delta(WSSR)/WSSR   : 0
 delta(WSSR) : 0                 limit for stopping : 1e-05
 lambda	  : 3.57106

initial set of free parameter values

c               = 1e-30
n               = 1e-30

After 7 iterations the fit converged.
final sum of squares of residuals : 0
abs. change during last iteration : -1.00564e-23


Exactly as many data points as there are parameters.
In this degenerate case, all errors are zero by definition.

Final set of parameters 
======================= 

c               = 1.02221        
n               = -0.05724       


*******************************************************************************
Wed Feb 25 00:21:55 2015


FIT:    data read from path_to_file using 2:4
        format = x:z
	y range restricted to [3.50000 : 4.00000]
        #datapoints = 6
        residuals are weighted equally (unit weight)

function used for fitting: f(x)
fitted parameters initialized with current variable values



 Iteration 0
 WSSR        : 3.82361           delta(WSSR)/WSSR   : 0
 delta(WSSR) : 0                 limit for stopping : 1e-05
 lambda	  : 2.74697

initial set of free parameter values

b               = 1e-30
m               = 1e-30

After 6 iterations the fit converged.
final sum of squares of residuals : 1.24059e-07
rel. change during last iteration : -1.00282e-14

degrees of freedom    (FIT_NDF)                        : 4
rms of residuals      (FIT_STDFIT) = sqrt(WSSR/ndf)    : 0.00017611
variance of residuals (reduced chisquare) = WSSR/ndf   : 3.10147e-08

Final set of parameters            Asymptotic Standard Error
=======================            ==========================

b               = 0.914841         +/- 0.00158      (0.1727%)
m               = -0.0310849       +/- 0.000421     (1.354%)


correlation matrix of the fit parameters:

               b      m      
b               1.000 
m              -0.999  1.000 


*******************************************************************************
Wed Feb 25 00:21:55 2015


FIT:    data read from path_to_file using 2:4
        format = x:z
	y range restricted to [6.00000 : 6.50000]
        #datapoints = 6
        residuals are weighted equally (unit weight)

function used for fitting: g(x)
fitted parameters initialized with current variable values



 Iteration 0
 WSSR        : 2.52657           delta(WSSR)/WSSR   : 0
 delta(WSSR) : 0                 limit for stopping : 1e-05
 lambda	  : 4.47726

initial set of free parameter values

c               = 1e-30
n               = 1e-30

After 6 iterations the fit converged.
final sum of squares of residuals : 5.67328e-09
rel. change during last iteration : -3.34291e-09

degrees of freedom    (FIT_NDF)                        : 4
rms of residuals      (FIT_STDFIT) = sqrt(WSSR/ndf)    : 3.76606e-05
variance of residuals (reduced chisquare) = WSSR/ndf   : 1.41832e-09

Final set of parameters            Asymptotic Standard Error
=======================            ==========================

c               = 1.02344          +/- 0.0005629    (0.055%)
n               = -0.0599366       +/- 9.003e-05    (0.1502%)


correlation matrix of the fit parameters:

               c      n      
c               1.000 
n              -1.000  1.000 


*******************************************************************************
Wed Feb 25 00:26:04 2015


FIT:    data read from path_to_file using 2:4
        format = x:z
	y range restricted to [3.50000 : 4.00000]
BREAK:          No data to fit 



*******************************************************************************
Wed Feb 25 00:28:05 2015


FIT:    data read from path_to_file using (abs($2)):4
        format = x:z
	y range restricted to [3.50000 : 4.00000]
        #datapoints = 6
        residuals are weighted equally (unit weight)

function used for fitting: f(x)
fitted parameters initialized with current variable values



 Iteration 0
 WSSR        : 2.01389           delta(WSSR)/WSSR   : 0
 delta(WSSR) : 0                 limit for stopping : 1e-05
 lambda	  : 2.74697

initial set of free parameter values

b               = 1e-30
m               = 1e-30

After 6 iterations the fit converged.
final sum of squares of residuals : 8.04781e-08
rel. change during last iteration : 0

degrees of freedom    (FIT_NDF)                        : 4
rms of residuals      (FIT_STDFIT) = sqrt(WSSR/ndf)    : 0.000141843
variance of residuals (reduced chisquare) = WSSR/ndf   : 2.01195e-08

Final set of parameters            Asymptotic Standard Error
=======================            ==========================

b               = -0.46472         +/- 0.001273     (0.2739%)
m               = -0.030562        +/- 0.0003391    (1.109%)


correlation matrix of the fit parameters:

               b      m      
b               1.000 
m              -0.999  1.000 


*******************************************************************************
Wed Feb 25 00:28:05 2015


FIT:    data read from path_to_file using (abs($2)):4
        format = x:z
	y range restricted to [6.00000 : 6.50000]
        #datapoints = 6
        residuals are weighted equally (unit weight)

function used for fitting: g(x)
fitted parameters initialized with current variable values



 Iteration 0
 WSSR        : 3.09175           delta(WSSR)/WSSR   : 0
 delta(WSSR) : 0                 limit for stopping : 1e-05
 lambda	  : 4.47726

initial set of free parameter values

c               = 1e-30
n               = 1e-30

After 6 iterations the fit converged.
final sum of squares of residuals : 1.41687e-06
rel. change during last iteration : -7.2351e-13

degrees of freedom    (FIT_NDF)                        : 4
rms of residuals      (FIT_STDFIT) = sqrt(WSSR/ndf)    : 0.000595162
variance of residuals (reduced chisquare) = WSSR/ndf   : 3.54218e-07

Final set of parameters            Asymptotic Standard Error
=======================            ==========================

c               = -0.260373        +/- 0.008895     (3.416%)
n               = -0.0731771       +/- 0.001423     (1.944%)


correlation matrix of the fit parameters:

               c      n      
c               1.000 
n              -1.000  1.000 


*******************************************************************************
Wed Feb 25 00:29:24 2015


FIT:    data read from path_to_file using (abs($2)):4
        format = x:z
	y range restricted to [3.50000 : 4.00000]
        #datapoints = 6
        residuals are weighted equally (unit weight)

function used for fitting: f(x)
fitted parameters initialized with current variable values



 Iteration 0
 WSSR        : 2.01389           delta(WSSR)/WSSR   : 0
 delta(WSSR) : 0                 limit for stopping : 1e-05
 lambda	  : 2.74697

initial set of free parameter values

b               = 1e-30
m               = 1e-30

After 6 iterations the fit converged.
final sum of squares of residuals : 8.04781e-08
rel. change during last iteration : 0

degrees of freedom    (FIT_NDF)                        : 4
rms of residuals      (FIT_STDFIT) = sqrt(WSSR/ndf)    : 0.000141843
variance of residuals (reduced chisquare) = WSSR/ndf   : 2.01195e-08

Final set of parameters            Asymptotic Standard Error
=======================            ==========================

b               = -0.46472         +/- 0.001273     (0.2739%)
m               = -0.030562        +/- 0.0003391    (1.109%)


correlation matrix of the fit parameters:

               b      m      
b               1.000 
m              -0.999  1.000 


*******************************************************************************
Wed Feb 25 00:29:24 2015


FIT:    data read from path_to_file using (abs($2)):4
        format = x:z
	y range restricted to [6.00000 : 6.50000]
        #datapoints = 6
        residuals are weighted equally (unit weight)

function used for fitting: g(x)
fitted parameters initialized with current variable values



 Iteration 0
 WSSR        : 3.09175           delta(WSSR)/WSSR   : 0
 delta(WSSR) : 0                 limit for stopping : 1e-05
 lambda	  : 4.47726

initial set of free parameter values

c               = 1e-30
n               = 1e-30

After 6 iterations the fit converged.
final sum of squares of residuals : 1.41687e-06
rel. change during last iteration : -7.2351e-13

degrees of freedom    (FIT_NDF)                        : 4
rms of residuals      (FIT_STDFIT) = sqrt(WSSR/ndf)    : 0.000595162
variance of residuals (reduced chisquare) = WSSR/ndf   : 3.54218e-07

Final set of parameters            Asymptotic Standard Error
=======================            ==========================

c               = -0.260373        +/- 0.008895     (3.416%)
n               = -0.0731771       +/- 0.001423     (1.944%)


correlation matrix of the fit parameters:

               c      n      
c               1.000 
n              -1.000  1.000 


*******************************************************************************
Wed Feb 25 00:29:44 2015


FIT:    data read from path_to_file using (abs($2)):4
        format = x:z
	y range restricted to [3.50000 : 4.00000]
        #datapoints = 6
        residuals are weighted equally (unit weight)

function used for fitting: f(x)
fitted parameters initialized with current variable values



 Iteration 0
 WSSR        : 2.01389           delta(WSSR)/WSSR   : 0
 delta(WSSR) : 0                 limit for stopping : 1e-05
 lambda	  : 2.74697

initial set of free parameter values

b               = 1e-30
m               = 1e-30

After 6 iterations the fit converged.
final sum of squares of residuals : 8.04781e-08
rel. change during last iteration : 0

degrees of freedom    (FIT_NDF)                        : 4
rms of residuals      (FIT_STDFIT) = sqrt(WSSR/ndf)    : 0.000141843
variance of residuals (reduced chisquare) = WSSR/ndf   : 2.01195e-08

Final set of parameters            Asymptotic Standard Error
=======================            ==========================

b               = -0.46472         +/- 0.001273     (0.2739%)
m               = -0.030562        +/- 0.0003391    (1.109%)


correlation matrix of the fit parameters:

               b      m      
b               1.000 
m              -0.999  1.000 


*******************************************************************************
Wed Feb 25 00:29:44 2015


FIT:    data read from path_to_file using (abs($2)):4
        format = x:z
	y range restricted to [7.00000 : 8.50000]
        #datapoints = 16
        residuals are weighted equally (unit weight)

function used for fitting: g(x)
fitted parameters initialized with current variable values



 Iteration 0
 WSSR        : 10.5824           delta(WSSR)/WSSR   : 0
 delta(WSSR) : 0                 limit for stopping : 1e-05
 lambda	  : 5.53512

initial set of free parameter values

c               = 1e-30
n               = 1e-30

After 6 iterations the fit converged.
final sum of squares of residuals : 1.87896e-07
rel. change during last iteration : -5.04895e-13

degrees of freedom    (FIT_NDF)                        : 14
rms of residuals      (FIT_STDFIT) = sqrt(WSSR/ndf)    : 0.00011585
variance of residuals (reduced chisquare) = WSSR/ndf   : 1.34211e-08

Final set of parameters            Asymptotic Standard Error
=======================            ==========================

c               = -0.343904        +/- 0.0004878    (0.1418%)
n               = -0.0605011       +/- 6.283e-05    (0.1038%)


correlation matrix of the fit parameters:

               c      n      
c               1.000 
n              -0.998  1.000 
