PA=0
delV=0.5   delfE=-0.0561685   tau=524.032
delV=1   delfE=-0.0555157   tau=524.032
delV=1.5   delfE=-0.0540669   tau=524.032
delV=2   delfE=-0.053197   tau=524.032
delV=2.5   delfE=-0.0520981   tau=524.032
delV=3   delfE=-0.0507857   tau=524.032
delV=3.5   delfE=-0.0492619   tau=524.032
delV=4   delfE=-0.0475312   tau=524.032
delV=4.5   delfE=-0.0455963   tau=524.032
delV=5   delfE=-0.0442702   tau=524.032
delV=5.5   delfE=-0.0418876   tau=524.032
delV=6   delfE=-0.0393675   tau=524.032
delV=6.5   delfE=-0.0365739   tau=524.032
delV=7   delfE=-0.0336446   tau=524.032
delV=7.5   delfE=-0.0304434   tau=524.032
delV=8   delfE=-0.0270945   tau=524.032
delV=8.5   delfE=-0.0234886   tau=524.032
delV=9   delfE=-0.0197518   tau=524.032
delV=9.5   delfE=-0.0157296   tau=524.032
delV=10   delfE=-0.0115919   tau=524.032
delV=10.5   delfE=-0.00716653   tau=524.032
delV=11   delfE=-0.00262638   tau=524.032
delV=11.5   delfE=0.00211543   tau=524.032
++++++++++++++++++++++++++++++++++++++++++++++++++++++++++++++++++++
PA=5e-05
delV=9.5   delfE=-0.0154674   tau=524.032
delV=10   delfE=-0.0114264   tau=524.032
delV=10.5   delfE=-0.00718674   tau=524.032
delV=11   delfE=-0.0026152   tau=524.032
delV=11.5   delfE=0.00211479   tau=524.032
++++++++++++++++++++++++++++++++++++++++++++++++++++++++++++++++++++
PA=0.0001
delV=9.5   delfE=-0.0155371   tau=524.032
delV=10   delfE=-0.0115352   tau=524.032
delV=10.5   delfE=-0.00728181   tau=524.032
delV=11   delfE=-0.002729   tau=524.032
delV=11.5   delfE=0.00200496   tau=524.032
++++++++++++++++++++++++++++++++++++++++++++++++++++++++++++++++++++
PA=0.00015
delV=9.5   delfE=-0.015665   tau=524.032
delV=10   delfE=-0.0116592   tau=524.032
delV=10.5   delfE=-0.0073964   tau=524.032
delV=11   delfE=-0.00283868   tau=524.032
delV=11.5   delfE=0.00189887   tau=524.032
++++++++++++++++++++++++++++++++++++++++++++++++++++++++++++++++++++
PA=0.0002
delV=9.5   delfE=-0.0157876   tau=524.032
delV=10   delfE=-0.0117711   tau=524.032
delV=10.5   delfE=-0.00750414   tau=524.032
delV=11   delfE=-0.00293715   tau=524.032
delV=11.5   delfE=0.00180589   tau=524.032
++++++++++++++++++++++++++++++++++++++++++++++++++++++++++++++++++++
PA=0.00025
delV=9.5   delfE=-0.0158956   tau=524.032
delV=10   delfE=-0.0118705   tau=524.032
delV=10.5   delfE=-0.00759668   tau=524.032
delV=11   delfE=-0.00302333   tau=524.032
delV=11.5   delfE=0.00172467   tau=524.032
++++++++++++++++++++++++++++++++++++++++++++++++++++++++++++++++++++
PA=0.0003
delV=9.5   delfE=-0.0159909   tau=524.032
delV=10   delfE=-0.0119578   tau=524.032
delV=10.5   delfE=-0.00767727   tau=524.032
delV=11   delfE=-0.00309821   tau=524.032
delV=11.5   delfE=0.00165529   tau=524.032
++++++++++++++++++++++++++++++++++++++++++++++++++++++++++++++++++++
PA=0.00035
delV=9.5   delfE=-0.0160738   tau=524.032
delV=10   delfE=-0.0120311   tau=524.032
delV=10.5   delfE=-0.00774555   tau=524.032
delV=11   delfE=-0.00314113   tau=524.032
delV=11.5   delfE=0.00159732   tau=524.032
++++++++++++++++++++++++++++++++++++++++++++++++++++++++++++++++++++
PA=0.0004
delV=9.5   delfE=-0.0161441   tau=524.032
delV=10   delfE=-0.0120756   tau=524.032
delV=10.5   delfE=-0.00780182   tau=524.032
delV=11   delfE=-0.00319112   tau=524.032
delV=11.5   delfE=0.00155145   tau=524.032
++++++++++++++++++++++++++++++++++++++++++++++++++++++++++++++++++++
PA=0.00045
delV=9.5   delfE=-0.0161823   tau=524.032
delV=10   delfE=-0.0121316   tau=524.032
delV=10.5   delfE=-0.00784624   tau=524.032
delV=11   delfE=-0.0032362   tau=524.032
delV=11.5   delfE=0.00153831   tau=524.032
++++++++++++++++++++++++++++++++++++++++++++++++++++++++++++++++++++
PA=0.0005
delV=9.5   delfE=-0.0162333   tau=524.032
delV=10   delfE=-0.0121701   tau=524.032
delV=10.5   delfE=-0.00786472   tau=524.032
delV=11   delfE=-0.00326451   tau=524.032
delV=11.5   delfE=0.00150741   tau=524.032
++++++++++++++++++++++++++++++++++++++++++++++++++++++++++++++++++++
PA=0.00055
delV=9.5   delfE=-0.0162675   tau=524.032
delV=10   delfE=-0.0121966   tau=524.032
delV=10.5   delfE=-0.00788577   tau=524.032
delV=11   delfE=-0.00328061   tau=524.032
delV=11.5   delfE=0.00149546   tau=524.032
++++++++++++++++++++++++++++++++++++++++++++++++++++++++++++++++++++
PA=0.0006
delV=9.5   delfE=-0.0162884   tau=524.032
delV=10   delfE=-0.0122107   tau=524.032
delV=10.5   delfE=-0.00789415   tau=524.032
delV=11   delfE=-0.00328531   tau=524.032
delV=11.5   delfE=0.0014956   tau=524.032
++++++++++++++++++++++++++++++++++++++++++++++++++++++++++++++++++++
PA=0.00065
delV=9.5   delfE=-0.0162977   tau=524.032
delV=10   delfE=-0.0122129   tau=524.032
delV=10.5   delfE=-0.00789123   tau=524.032
delV=11   delfE=-0.00327802   tau=524.032
delV=11.5   delfE=0.0015062   tau=524.032
++++++++++++++++++++++++++++++++++++++++++++++++++++++++++++++++++++
PA=0.0007
delV=9.5   delfE=-0.0162939   tau=524.032
delV=10   delfE=-0.0121898   tau=524.032
delV=10.5   delfE=-0.0078764   tau=524.032
delV=11   delfE=-0.00325901   tau=524.032
delV=11.5   delfE=0.0015288   tau=524.032
++++++++++++++++++++++++++++++++++++++++++++++++++++++++++++++++++++
PA=0.00075
delV=9.5   delfE=-0.0162646   tau=524.032
delV=10   delfE=-0.0121683   tau=524.032
delV=10.5   delfE=-0.0078499   tau=524.032
delV=11   delfE=-0.0032152   tau=524.032
delV=11.5   delfE=0.00156254   tau=524.032
++++++++++++++++++++++++++++++++++++++++++++++++++++++++++++++++++++
PA=0.0008
delV=9.5   delfE=-0.0162363   tau=524.032
delV=10   delfE=-0.0121333   tau=524.032
delV=10.5   delfE=-0.00779922   tau=524.032
delV=11   delfE=-0.00317264   tau=524.032
delV=11.5   delfE=0.00159728   tau=524.032
++++++++++++++++++++++++++++++++++++++++++++++++++++++++++++++++++++
PA=0.00085
delV=9.5   delfE=-0.0161958   tau=524.032
delV=10   delfE=-0.0120874   tau=524.032
delV=10.5   delfE=-0.00774883   tau=524.032
delV=11   delfE=-0.00311923   tau=524.032
delV=11.5   delfE=0.00167718   tau=524.032
++++++++++++++++++++++++++++++++++++++++++++++++++++++++++++++++++++
PA=0.0009
delV=9.5   delfE=-0.0161399   tau=524.032
delV=10   delfE=-0.0120286   tau=524.032
delV=10.5   delfE=-0.00768609   tau=524.032
delV=11   delfE=-0.00305503   tau=524.032
delV=11.5   delfE=0.0015533   tau=524.032
++++++++++++++++++++++++++++++++++++++++++++++++++++++++++++++++++++
PA=0.00095
delV=9.5   delfE=-0.0162648   tau=524.032
delV=10   delfE=-0.012066   tau=524.032
delV=10.5   delfE=-0.00762124   tau=524.032
delV=11   delfE=-0.00297926   tau=524.032
delV=11.5   delfE=0.00182401   tau=524.032
++++++++++++++++++++++++++++++++++++++++++++++++++++++++++++++++++++
/var/spool/torque/mom_priv/epilogue: line 12: /opt/sharcnet/sbin/sqepilogue: No such file or directory
